<?xml version="1.0" encoding="UTF-8"?>
<!-- Generated by org.testng.reporters.JUnitReportReporter -->
<testsuite hostname="water7878778-All-Series" failures="0" tests="2" name="notification.ContractVerifierTest" time="0.561" errors="0" timestamp="24 Apr 2020 00:55:49 GMT">
  <testcase classname="notification.ContractVerifierTest" name="validate_newNotification" time="0.065"/>
  <testcase classname="notification.ContractVerifierTest" name="validate_getNotification" time="0.496"/>
</testsuite> <!-- notification.ContractVerifierTest -->
