<?xml version="1.0" encoding="UTF-8"?>
<!-- Generated by org.testng.reporters.JUnitReportReporter -->
<testsuite hostname="water7878778-All-Series" failures="0" tests="1" name="notification.NotificationTest" time="0.004" errors="0" timestamp="30 Apr 2020 22:45:37 GMT">
  <testcase classname="notification.NotificationTest" name="testIndex" time="0.004"/>
</testsuite> <!-- notification.NotificationTest -->
