<?xml version="1.0" encoding="UTF-8"?>
<!-- Generated by org.testng.reporters.JUnitReportReporter -->
<testsuite hostname="water7878778-All-Series" failures="0" tests="3" name="notification.ContractVerifierTest" time="0.650" errors="0" timestamp="30 Apr 2020 22:45:37 GMT">
  <testcase classname="notification.ContractVerifierTest" name="validate_ordering_getNotification" time="0.069"/>
  <testcase classname="notification.ContractVerifierTest" name="validate_getNotification" time="0.508"/>
  <testcase classname="notification.ContractVerifierTest" name="validate_newNotification" time="0.073"/>
</testsuite> <!-- notification.ContractVerifierTest -->
