<?xml version="1.0" encoding="UTF-8"?>
<!-- Generated by org.testng.reporters.JUnitReportReporter -->
<testsuite hostname="water7878778-All-Series" failures="0" tests="2" name="notification.ContractVerifierTest" time="0.600" errors="0" timestamp="24 Apr 2020 00:56:19 GMT">
  <testcase classname="notification.ContractVerifierTest" name="validate_newNotification" time="0.072"/>
  <testcase classname="notification.ContractVerifierTest" name="validate_getNotification" time="0.528"/>
</testsuite> <!-- notification.ContractVerifierTest -->
